<?xml version="1.0" encoding="UTF-8"?>
<!-- Generated by org.testng.reporters.JUnitReportReporter -->
<testsuite hostname="MacBook-Pro-Admin.local" failures="0" tests="4" name="SummOfArrayTest" time="0.009" errors="0" timestamp="2022-04-29T16:41:17 EEST" skipped="0">
  <testcase classname="SummOfArrayTest" name="testSummOfArrayZero" time="0.001"/>
  <system-out/>
  <testcase classname="SummOfArrayTest" name="testSummOfArrayEmptyArr" time="0.006"/>
  <system-out/>
  <testcase classname="SummOfArrayTest" name="testSummOfArrayHappyPath" time="0.001"/>
  <system-out/>
  <testcase classname="SummOfArrayTest" name="testSummOfArrayOneData" time="0.001"/>
  <system-out/>
</testsuite> <!-- SummOfArrayTest -->
