<?xml version="1.0" encoding="UTF-8"?>
<!-- Generated by org.testng.reporters.JUnitReportReporter -->
<testsuite hostname="MacBook-Pro-Admin.local" failures="0" tests="2" name="MainTest" time="0.003" errors="0" timestamp="2022-04-29T16:41:17 EEST" skipped="0">
  <testcase classname="MainTest" name="testAbbr4" time="0.003"/>
  <system-out/>
  <testcase classname="MainTest" name="testAbbr8" time="0.000"/>
  <system-out/>
</testsuite> <!-- MainTest -->
